<?xml version="1.0" encoding="UTF-8"?>
<!-- Generated by org.testng.reporters.JUnitReportReporter -->
<testsuite hostname="ASCINLAP60824" failures="0" tests="2" name="TestNGExample.TestNGAnnotationExample" time="0.024" errors="0" timestamp="2025-05-08T10:08:45 IST" skipped="0">
  <testcase classname="TestNGExample.TestNGAnnotationExample" name="logout" time="0.005"/>
  <system-out/>
  <testcase classname="TestNGExample.TestNGAnnotationExample" name="login" time="0.019"/>
  <system-out/>
</testsuite> <!-- TestNGExample.TestNGAnnotationExample -->
