<?xml version="1.0" encoding="UTF-8"?>
<!-- Generated by org.testng.reporters.JUnitReportReporter -->
<testsuite hostname="ASCINLAP60824" failures="0" tests="1" name="DatePickerExample.Ex1_DatePickerExample_Guru99" time="18.984" errors="0" timestamp="2025-05-08T12:46:08 IST" skipped="0">
  <testcase classname="DatePickerExample.Ex1_DatePickerExample_Guru99" name="dateTimePicker" time="18.984"/>
  <system-out/>
</testsuite> <!-- DatePickerExample.Ex1_DatePickerExample_Guru99 -->
