<?xml version="1.0" encoding="UTF-8"?>
<!-- Generated by org.testng.reporters.JUnitReportReporter -->
<testsuite hostname="ASCINLAP60824" failures="0" tests="2" name="Tests.LoginTest" time="66.445" errors="0" timestamp="2025-05-06T12:45:34 IST" skipped="1">
  <testcase classname="Tests.LoginTest" name="VerifyAdminMenu" time="66.445"/>
  <system-out/>
  <testcase classname="Tests.LoginTest" name="VerifyLogin">
    <skipped/>
  </testcase> <!-- VerifyLogin -->
  <system-out/>
</testsuite> <!-- Tests.LoginTest -->
