<?xml version="1.0" encoding="UTF-8"?>
<!-- Generated by org.testng.reporters.JUnitReportReporter -->
<testsuite hostname="ASCINLAP60824" failures="0" tests="1" name="pdfbox.RedaPDFContent" time="0.907" errors="0" timestamp="2025-05-05T18:56:22 IST" skipped="0">
  <testcase classname="pdfbox.RedaPDFContent" name="VerifyPDFTest" time="0.907"/>
  <system-out/>
</testsuite> <!-- pdfbox.RedaPDFContent -->
