<?xml version="1.0" encoding="UTF-8"?>
<!-- Generated by org.testng.reporters.JUnitReportReporter -->
<testsuite hostname="ASCINLAP60824" failures="0" tests="3" name="VerifyEcomLoginData.VerifyEcomLoginWithInvalidUser" time="23.263" errors="0" timestamp="2025-05-06T17:23:37 IST" skipped="0">
  <testcase classname="VerifyEcomLoginData.VerifyEcomLoginWithInvalidUser" name="VerifyLogin" time="7.452"/>
  <system-out/>
  <testcase classname="VerifyEcomLoginData.VerifyEcomLoginWithInvalidUser" name="VerifyLogin" time="8.418"/>
  <system-out/>
  <testcase classname="VerifyEcomLoginData.VerifyEcomLoginWithInvalidUser" name="VerifyLogin" time="7.393"/>
  <system-out/>
</testsuite> <!-- VerifyEcomLoginData.VerifyEcomLoginWithInvalidUser -->
