<?xml version="1.0" encoding="UTF-8"?>
<!-- Generated by org.testng.reporters.JUnitReportReporter -->
<testsuite hostname="ASCINLAP60824" failures="0" tests="1" name="gridExample.HRMLoginTest" time="1.719" errors="0" timestamp="2025-05-09T17:10:38 IST" skipped="0">
  <testcase classname="gridExample.HRMLoginTest" name="verifyLogin" time="1.719"/>
  <system-out/>
</testsuite> <!-- gridExample.HRMLoginTest -->
