<?xml version="1.0" encoding="UTF-8"?>
<!-- Generated by org.testng.reporters.JUnitReportReporter -->
<testsuite hostname="ASCINLAP60824" failures="0" tests="3" name="VerifyHRMLoginData.VerifyHRMLoginWithInvalidUser" time="13.300" errors="0" timestamp="2025-05-06T17:19:02 IST" skipped="0">
  <testcase classname="VerifyHRMLoginData.VerifyHRMLoginWithInvalidUser" name="VerifyLogin" time="4.367"/>
  <system-out/>
  <testcase classname="VerifyHRMLoginData.VerifyHRMLoginWithInvalidUser" name="VerifyLogin" time="4.517"/>
  <system-out/>
  <testcase classname="VerifyHRMLoginData.VerifyHRMLoginWithInvalidUser" name="VerifyLogin" time="4.416"/>
  <system-out/>
</testsuite> <!-- VerifyHRMLoginData.VerifyHRMLoginWithInvalidUser -->
