<?xml version="1.0" encoding="UTF-8"?>
<!-- Generated by org.testng.reporters.JUnitReportReporter -->
<testsuite hostname="ASCINLAP60824" failures="0" tests="1" name="smoke1.amazontesttestng" time="24.380" errors="0" timestamp="2025-04-28T16:55:28 IST" skipped="0">
  <testcase classname="smoke1.amazontesttestng" name="VerifysearchTest" time="24.380"/>
  <system-out/>
</testsuite> <!-- smoke1.amazontesttestng -->
