<?xml version="1.0" encoding="UTF-8"?>
<!-- Generated by org.testng.reporters.JUnitReportReporter -->
<testsuite hostname="ASCINLAP60824" failures="0" tests="1" name="pdfbox.PDFReader" time="0.891" errors="0" timestamp="2025-05-05T18:53:34 IST" skipped="0">
  <testcase classname="pdfbox.PDFReader" name="ReadPDFFile" time="0.891"/>
  <system-out/>
</testsuite> <!-- pdfbox.PDFReader -->
