<?xml version="1.0" encoding="UTF-8"?>
<!-- Generated by org.testng.reporters.JUnitReportReporter -->
<testsuite hostname="ASCINLAP60824" failures="0" tests="1" name="CrossBrowser.HRMLoginLogout" time="10.325" errors="0" timestamp="2025-04-30T12:53:53 IST" skipped="0">
  <testcase classname="CrossBrowser.HRMLoginLogout" name="verifyLogin" time="10.325"/>
  <system-out/>
</testsuite> <!-- CrossBrowser.HRMLoginLogout -->
