<?xml version="1.0" encoding="UTF-8"?>
<!-- Generated by org.testng.reporters.JUnitReportReporter -->
<testsuite hostname="ASCINLAP60824" failures="0" tests="1" name="actionExample.DragDropTest" time="3.963" errors="0" timestamp="2025-05-05T11:41:15 IST" skipped="0">
  <testcase classname="actionExample.DragDropTest" name="verifyWishList" time="3.963"/>
  <system-out/>
</testsuite> <!-- actionExample.DragDropTest -->
