<?xml version="1.0" encoding="UTF-8"?>
<!-- Generated by org.testng.reporters.JUnitReportReporter -->
<testsuite hostname="ASCINLAP60824" failures="0" tests="1" name="smoke1.HRMAppLocator" time="22.969" errors="0" timestamp="2025-04-29T12:14:52 IST" skipped="0">
  <testcase classname="smoke1.HRMAppLocator" name="VerifySearchTest" time="22.969"/>
  <system-out/>
</testsuite> <!-- smoke1.HRMAppLocator -->
