<?xml version="1.0" encoding="UTF-8"?>
<!-- Generated by org.testng.reporters.JUnitReportReporter -->
<testsuite hostname="ASCINLAP60824" failures="0" tests="1" name="pdfbox.RedaPDFContent2" time="0.983" errors="0" timestamp="2025-05-05T18:57:00 IST" skipped="0">
  <testcase classname="pdfbox.RedaPDFContent2" name="VerifyPDFTest" time="0.983"/>
  <system-out/>
</testsuite> <!-- pdfbox.RedaPDFContent2 -->
