<?xml version="1.0" encoding="UTF-8"?>
<!-- Generated by org.testng.reporters.JUnitReportReporter -->
<testsuite hostname="ASCINLAP60824" failures="0" tests="1" name="smoke1.demoQaXpath" time="19.187" errors="0" timestamp="2025-04-29T15:51:40 IST" skipped="0">
  <testcase classname="smoke1.demoQaXpath" name="VerifySearchTest" time="19.187"/>
  <system-out/>
</testsuite> <!-- smoke1.demoQaXpath -->
