<?xml version="1.0" encoding="UTF-8"?>
<!-- Generated by org.testng.reporters.JUnitReportReporter -->
<testsuite hostname="ASCINLAP60824" failures="0" tests="1" name="HandleInputs.CheckboxInputs" time="11.504" errors="0" timestamp="2025-04-29T17:14:20 IST" skipped="0">
  <testcase classname="HandleInputs.CheckboxInputs" name="HandleCheckboxInputs" time="11.504"/>
  <system-out/>
</testsuite> <!-- HandleInputs.CheckboxInputs -->
