<?xml version="1.0" encoding="UTF-8"?>
<!-- Generated by org.testng.reporters.JUnitReportReporter -->
<testsuite hostname="ASCINLAP60824" failures="0" tests="1" name="smoke1.amazonxpath" time="24.482" errors="0" timestamp="2025-04-29T12:34:19 IST" skipped="0">
  <testcase classname="smoke1.amazonxpath" name="VerifysearchTest" time="24.482"/>
  <system-out/>
</testsuite> <!-- smoke1.amazonxpath -->
