<?xml version="1.0" encoding="UTF-8"?>
<!-- Generated by org.testng.reporters.JUnitReportReporter -->
<testsuite hostname="ASCINLAP60824" failures="0" tests="2" name="actionExample.RightClickDoubleClickTest" time="6.628" errors="0" timestamp="2025-05-05T11:24:58 IST" skipped="0">
  <testcase classname="actionExample.RightClickDoubleClickTest" name="verifyWishList" time="3.347"/>
  <system-out/>
  <testcase classname="actionExample.RightClickDoubleClickTest" name="verifyDoubleClick" time="3.281"/>
  <system-out/>
</testsuite> <!-- actionExample.RightClickDoubleClickTest -->
