<?xml version="1.0" encoding="UTF-8"?>
<!-- Generated by org.testng.reporters.JUnitReportReporter -->
<testsuite hostname="ASCINLAP60824" failures="0" tests="2" name="EcommerceTests.EcomLoginRegisterTestWithPageFactory" time="78.086" errors="0" timestamp="2025-05-07T10:41:39 IST" skipped="0">
  <testcase classname="EcommerceTests.EcomLoginRegisterTestWithPageFactory" name="invalidLoginTest" time="32.053"/>
  <system-out/>
  <testcase classname="EcommerceTests.EcomLoginRegisterTestWithPageFactory" name="invalidRegisterTest" time="46.033"/>
  <system-out/>
</testsuite> <!-- EcommerceTests.EcomLoginRegisterTestWithPageFactory -->
