<?xml version="1.0" encoding="UTF-8"?>
<!-- Generated by org.testng.reporters.JUnitReportReporter -->
<testsuite hostname="ASCINLAP60824" failures="0" tests="1" name="takeScreenshotExample.AmazonWishList" time="10.547" errors="0" timestamp="2025-05-05T19:02:21 IST" skipped="0">
  <testcase classname="takeScreenshotExample.AmazonWishList" name="verifyAmazonSearch" time="10.547"/>
  <system-out/>
</testsuite> <!-- takeScreenshotExample.AmazonWishList -->
