<?xml version="1.0" encoding="UTF-8"?>
<!-- Generated by org.testng.reporters.JUnitReportReporter -->
<testsuite hostname="ASCINLAP60824" failures="0" tests="1" name="logExample.HRMLogin" time="14.764" errors="0" timestamp="2025-05-05T12:56:25 IST" skipped="0">
  <testcase classname="logExample.HRMLogin" name="verifyLoginFeature" time="14.764"/>
  <system-out/>
</testsuite> <!-- logExample.HRMLogin -->
