<?xml version="1.0" encoding="UTF-8"?>
<!-- Generated by org.testng.reporters.JUnitReportReporter -->
<testsuite hostname="ASCINLAP60824" failures="0" tests="1" name="actionExample.AmazonWishList" time="6.163" errors="0" timestamp="2025-05-05T10:15:43 IST" skipped="0">
  <testcase classname="actionExample.AmazonWishList" name="verifyWishList" time="6.163"/>
  <system-out/>
</testsuite> <!-- actionExample.AmazonWishList -->
