<?xml version="1.0" encoding="UTF-8"?>
<!-- Generated by org.testng.reporters.JUnitReportReporter -->
<testsuite hostname="ASCINLAP60824" failures="0" tests="1" name="HandleInputs.TextInputs" time="10.711" errors="0" timestamp="2025-04-29T17:04:45 IST" skipped="0">
  <testcase classname="HandleInputs.TextInputs" name="HandleTextInputs" time="10.711"/>
  <system-out/>
</testsuite> <!-- HandleInputs.TextInputs -->
