<?xml version="1.0" encoding="UTF-8"?>
<!-- Generated by org.testng.reporters.JUnitReportReporter -->
<testsuite hostname="ASCINLAP60824" failures="0" tests="2" name="EcommerceTests.EcomLoginRegisterTest" time="71.802" errors="0" timestamp="2025-05-09T15:46:30 IST" skipped="0">
  <testcase classname="EcommerceTests.EcomLoginRegisterTest" name="invalidRegisterTest" time="40.846"/>
  <system-out/>
  <testcase classname="EcommerceTests.EcomLoginRegisterTest" name="invalidLoginTest" time="30.956"/>
  <system-out/>
</testsuite> <!-- EcommerceTests.EcomLoginRegisterTest -->
